The system is: Darwin - 19.6.0 - x86_64
Compiling the C compiler identification source file "CMakeCCompilerId.c" succeeded.
Compiler: /Applications/Xcode.app/Contents/Developer/Toolchains/XcodeDefault.xctoolchain/usr/bin/cc 
Build flags: 
Id flags:  

The output was:
0


Compilation of the C compiler identification source "CMakeCCompilerId.c" produced "a.out"

The C compiler identification is AppleClang, found in "/Users/akhil/Documents/Py/packages/twinning/twinning_cpp/build/temp.macosx-10.9-x86_64-3.8/CMakeFiles/3.21.4/CompilerIdC/a.out"

Compiling the CXX compiler identification source file "CMakeCXXCompilerId.cpp" succeeded.
Compiler: /Applications/Xcode.app/Contents/Developer/Toolchains/XcodeDefault.xctoolchain/usr/bin/c++ 
Build flags: 
Id flags:  

The output was:
0


Compilation of the CXX compiler identification source "CMakeCXXCompilerId.cpp" produced "a.out"

The CXX compiler identification is AppleClang, found in "/Users/akhil/Documents/Py/packages/twinning/twinning_cpp/build/temp.macosx-10.9-x86_64-3.8/CMakeFiles/3.21.4/CompilerIdCXX/a.out"

Detecting C compiler ABI info compiled with the following output:
Change Dir: /Users/akhil/Documents/Py/packages/twinning/twinning_cpp/build/temp.macosx-10.9-x86_64-3.8/CMakeFiles/CMakeTmp

Run Build Command(s):/private/var/folders/zw/s4y3985n34vgcws76msc2chc0000gn/T/pip-build-env-t8ztvl03/overlay/bin/ninja cmTC_a3eab && [1/2] Building C object CMakeFiles/cmTC_a3eab.dir/CMakeCCompilerABI.c.o
Apple clang version 11.0.3 (clang-1103.0.32.62)
Target: x86_64-apple-darwin19.6.0
Thread model: posix
InstalledDir: /Applications/Xcode.app/Contents/Developer/Toolchains/XcodeDefault.xctoolchain/usr/bin
clang: warning: -Wl,-v: 'linker' input unused [-Wunused-command-line-argument]
 "/Applications/Xcode.app/Contents/Developer/Toolchains/XcodeDefault.xctoolchain/usr/bin/clang" -cc1 -triple x86_64-apple-macosx10.15.0 -Wdeprecated-objc-isa-usage -Werror=deprecated-objc-isa-usage -emit-obj -mrelax-all -disable-free -disable-llvm-verifier -discard-value-names -main-file-name CMakeCCompilerABI.c -mrelocation-model pic -pic-level 2 -mthread-model posix -mframe-pointer=all -fno-strict-return -masm-verbose -munwind-tables -target-sdk-version=10.15.4 -target-cpu penryn -dwarf-column-info -debugger-tuning=lldb -target-linker-version 556.6 -v -coverage-notes-file /Users/akhil/Documents/Py/packages/twinning/twinning_cpp/build/temp.macosx-10.9-x86_64-3.8/CMakeFiles/CMakeTmp/CMakeFiles/cmTC_a3eab.dir/CMakeCCompilerABI.c.gcno -resource-dir /Applications/Xcode.app/Contents/Developer/Toolchains/XcodeDefault.xctoolchain/usr/lib/clang/11.0.3 -dependency-file CMakeFiles/cmTC_a3eab.dir/CMakeCCompilerABI.c.o.d -skip-unused-modulemap-deps -sys-header-deps -MT CMakeFiles/cmTC_a3eab.dir/CMakeCCompilerABI.c.o -isysroot /Applications/Xcode.app/Contents/Developer/Platforms/MacOSX.platform/Developer/SDKs/MacOSX10.15.sdk -I/opt/intel/compilers_and_libraries_2020.2.258/mac/ipp/include -I/opt/intel/compilers_and_libraries_2020.2.258/mac/mkl/include -I/opt/intel/compilers_and_libraries_2020.2.258/mac/pstl/include -I/opt/intel/compilers_and_libraries_2020.2.258/mac/pstl/stdlib -I/opt/intel/compilers_and_libraries_2020.2.258/mac/tbb/include -I/opt/intel/compilers_and_libraries_2020.2.258/mac/tbb/include -I/opt/intel/compilers_and_libraries_2020.2.258/mac/daal/include -internal-isystem /Applications/Xcode.app/Contents/Developer/Platforms/MacOSX.platform/Developer/SDKs/MacOSX10.15.sdk/usr/local/include -internal-isystem /Applications/Xcode.app/Contents/Developer/Toolchains/XcodeDefault.xctoolchain/usr/lib/clang/11.0.3/include -internal-externc-isystem /Applications/Xcode.app/Contents/Developer/Platforms/MacOSX.platform/Developer/SDKs/MacOSX10.15.sdk/usr/include -internal-externc-isystem /Applications/Xcode.app/Contents/Developer/Toolchains/XcodeDefault.xctoolchain/usr/include -Wno-objc-signed-char-bool-implicit-int-conversion -Wno-extra-semi-stmt -Wno-quoted-include-in-framework-header -fdebug-compilation-dir /Users/akhil/Documents/Py/packages/twinning/twinning_cpp/build/temp.macosx-10.9-x86_64-3.8/CMakeFiles/CMakeTmp -ferror-limit 19 -fmessage-length 0 -stack-protector 1 -fstack-check -mdarwin-stkchk-strong-link -fblocks -fencode-extended-block-signature -fregister-global-dtors-with-atexit -fobjc-runtime=macosx-10.15.0 -fmax-type-align=16 -fdiagnostics-show-option -o CMakeFiles/cmTC_a3eab.dir/CMakeCCompilerABI.c.o -x c /private/var/folders/zw/s4y3985n34vgcws76msc2chc0000gn/T/pip-build-env-t8ztvl03/overlay/lib/python3.8/site-packages/cmake/data/CMake.app/Contents/share/cmake-3.21/Modules/CMakeCCompilerABI.c
clang -cc1 version 11.0.3 (clang-1103.0.32.62) default target x86_64-apple-darwin19.6.0
ignoring nonexistent directory "/Applications/Xcode.app/Contents/Developer/Platforms/MacOSX.platform/Developer/SDKs/MacOSX10.15.sdk/usr/local/include"
ignoring nonexistent directory "/Applications/Xcode.app/Contents/Developer/Platforms/MacOSX.platform/Developer/SDKs/MacOSX10.15.sdk/Library/Frameworks"
ignoring duplicate directory "/opt/intel/compilers_and_libraries_2020.2.258/mac/tbb/include"
#include "..." search starts here:
#include <...> search starts here:
 /opt/intel/compilers_and_libraries_2020.2.258/mac/ipp/include
 /opt/intel/compilers_and_libraries_2020.2.258/mac/mkl/include
 /opt/intel/compilers_and_libraries_2020.2.258/mac/pstl/include
 /opt/intel/compilers_and_libraries_2020.2.258/mac/pstl/stdlib
 /opt/intel/compilers_and_libraries_2020.2.258/mac/tbb/include
 /opt/intel/compilers_and_libraries_2020.2.258/mac/daal/include
 /Applications/Xcode.app/Contents/Developer/Toolchains/XcodeDefault.xctoolchain/usr/lib/clang/11.0.3/include
 /Applications/Xcode.app/Contents/Developer/Platforms/MacOSX.platform/Developer/SDKs/MacOSX10.15.sdk/usr/include
 /Applications/Xcode.app/Contents/Developer/Toolchains/XcodeDefault.xctoolchain/usr/include
 /Applications/Xcode.app/Contents/Developer/Platforms/MacOSX.platform/Developer/SDKs/MacOSX10.15.sdk/System/Library/Frameworks (framework directory)
End of search list.
[2/2] Linking C executable cmTC_a3eab
Apple clang version 11.0.3 (clang-1103.0.32.62)
Target: x86_64-apple-darwin19.6.0
Thread model: posix
InstalledDir: /Applications/Xcode.app/Contents/Developer/Toolchains/XcodeDefault.xctoolchain/usr/bin
 "/Applications/Xcode.app/Contents/Developer/Toolchains/XcodeDefault.xctoolchain/usr/bin/ld" -demangle -lto_library /Applications/Xcode.app/Contents/Developer/Toolchains/XcodeDefault.xctoolchain/usr/lib/libLTO.dylib -dynamic -arch x86_64 -platform_version macos 10.15.0 10.15.4 -syslibroot /Applications/Xcode.app/Contents/Developer/Platforms/MacOSX.platform/Developer/SDKs/MacOSX10.15.sdk -o cmTC_a3eab -search_paths_first -headerpad_max_install_names -v CMakeFiles/cmTC_a3eab.dir/CMakeCCompilerABI.c.o -L/opt/intel/compilers_and_libraries_2020.2.258/mac/ipp/lib -L/opt/intel/compilers_and_libraries_2020.2.258/mac/compiler/lib -L/opt/intel/compilers_and_libraries_2020.2.258/mac/mkl/lib -L/opt/intel/compilers_and_libraries_2020.2.258/mac/tbb/lib -L/opt/intel/compilers_and_libraries_2020.2.258/mac/tbb/lib -L/opt/intel/compilers_and_libraries_2020.2.258/mac/daal/lib -L/opt/intel/compilers_and_libraries_2020.2.258/mac/daal/../tbb/lib -lSystem /Applications/Xcode.app/Contents/Developer/Toolchains/XcodeDefault.xctoolchain/usr/lib/clang/11.0.3/lib/darwin/libclang_rt.osx.a
@(#)PROGRAM:ld  PROJECT:ld64-556.6
BUILD 17:57:49 Apr 24 2020
configured to support archs: armv6 armv7 armv7s arm64 arm64e arm64_32 i386 x86_64 x86_64h armv6m armv7k armv7m armv7em
Library search paths:
	/opt/intel/compilers_and_libraries_2020.2.258/mac/ipp/lib
	/opt/intel/compilers_and_libraries_2020.2.258/mac/compiler/lib
	/opt/intel/compilers_and_libraries_2020.2.258/mac/mkl/lib
	/opt/intel/compilers_and_libraries_2020.2.258/mac/tbb/lib
	/opt/intel/compilers_and_libraries_2020.2.258/mac/tbb/lib
	/opt/intel/compilers_and_libraries_2020.2.258/mac/daal/lib
	/opt/intel/compilers_and_libraries_2020.2.258/mac/tbb/lib
	/Applications/Xcode.app/Contents/Developer/Platforms/MacOSX.platform/Developer/SDKs/MacOSX10.15.sdk/usr/lib
Framework search paths:
	/Applications/Xcode.app/Contents/Developer/Platforms/MacOSX.platform/Developer/SDKs/MacOSX10.15.sdk/System/Library/Frameworks/



Parsed C implicit include dir info from above output: rv=done
  found start of include info
  found start of implicit include info
    add: [/opt/intel/compilers_and_libraries_2020.2.258/mac/ipp/include]
    add: [/opt/intel/compilers_and_libraries_2020.2.258/mac/mkl/include]
    add: [/opt/intel/compilers_and_libraries_2020.2.258/mac/pstl/include]
    add: [/opt/intel/compilers_and_libraries_2020.2.258/mac/pstl/stdlib]
    add: [/opt/intel/compilers_and_libraries_2020.2.258/mac/tbb/include]
    add: [/opt/intel/compilers_and_libraries_2020.2.258/mac/daal/include]
    add: [/Applications/Xcode.app/Contents/Developer/Toolchains/XcodeDefault.xctoolchain/usr/lib/clang/11.0.3/include]
    add: [/Applications/Xcode.app/Contents/Developer/Platforms/MacOSX.platform/Developer/SDKs/MacOSX10.15.sdk/usr/include]
    add: [/Applications/Xcode.app/Contents/Developer/Toolchains/XcodeDefault.xctoolchain/usr/include]
  end of search list found
  collapse include dir [/opt/intel/compilers_and_libraries_2020.2.258/mac/ipp/include] ==> [/opt/intel/compilers_and_libraries_2020.2.258/mac/ipp/include]
  collapse include dir [/opt/intel/compilers_and_libraries_2020.2.258/mac/mkl/include] ==> [/opt/intel/compilers_and_libraries_2020.2.258/mac/mkl/include]
  collapse include dir [/opt/intel/compilers_and_libraries_2020.2.258/mac/pstl/include] ==> [/opt/intel/compilers_and_libraries_2020.2.258/mac/pstl/include]
  collapse include dir [/opt/intel/compilers_and_libraries_2020.2.258/mac/pstl/stdlib] ==> [/opt/intel/compilers_and_libraries_2020.2.258/mac/pstl/stdlib]
  collapse include dir [/opt/intel/compilers_and_libraries_2020.2.258/mac/tbb/include] ==> [/opt/intel/compilers_and_libraries_2020.2.258/mac/tbb/include]
  collapse include dir [/opt/intel/compilers_and_libraries_2020.2.258/mac/daal/include] ==> [/opt/intel/compilers_and_libraries_2020.2.258/mac/daal/include]
  collapse include dir [/Applications/Xcode.app/Contents/Developer/Toolchains/XcodeDefault.xctoolchain/usr/lib/clang/11.0.3/include] ==> [/Applications/Xcode.app/Contents/Developer/Toolchains/XcodeDefault.xctoolchain/usr/lib/clang/11.0.3/include]
  collapse include dir [/Applications/Xcode.app/Contents/Developer/Platforms/MacOSX.platform/Developer/SDKs/MacOSX10.15.sdk/usr/include] ==> [/Applications/Xcode.app/Contents/Developer/Platforms/MacOSX.platform/Developer/SDKs/MacOSX10.15.sdk/usr/include]
  collapse include dir [/Applications/Xcode.app/Contents/Developer/Toolchains/XcodeDefault.xctoolchain/usr/include] ==> [/Applications/Xcode.app/Contents/Developer/Toolchains/XcodeDefault.xctoolchain/usr/include]
  implicit include dirs: [/opt/intel/compilers_and_libraries_2020.2.258/mac/ipp/include;/opt/intel/compilers_and_libraries_2020.2.258/mac/mkl/include;/opt/intel/compilers_and_libraries_2020.2.258/mac/pstl/include;/opt/intel/compilers_and_libraries_2020.2.258/mac/pstl/stdlib;/opt/intel/compilers_and_libraries_2020.2.258/mac/tbb/include;/opt/intel/compilers_and_libraries_2020.2.258/mac/daal/include;/Applications/Xcode.app/Contents/Developer/Toolchains/XcodeDefault.xctoolchain/usr/lib/clang/11.0.3/include;/Applications/Xcode.app/Contents/Developer/Platforms/MacOSX.platform/Developer/SDKs/MacOSX10.15.sdk/usr/include;/Applications/Xcode.app/Contents/Developer/Toolchains/XcodeDefault.xctoolchain/usr/include]


Parsed C implicit link information from above output:
  link line regex: [^( *|.*[/\])(ld|CMAKE_LINK_STARTFILE-NOTFOUND|([^/\]+-)?ld|collect2)[^/\]*( |$)]
  ignore line: [Change Dir: /Users/akhil/Documents/Py/packages/twinning/twinning_cpp/build/temp.macosx-10.9-x86_64-3.8/CMakeFiles/CMakeTmp]
  ignore line: []
  ignore line: [Run Build Command(s):/private/var/folders/zw/s4y3985n34vgcws76msc2chc0000gn/T/pip-build-env-t8ztvl03/overlay/bin/ninja cmTC_a3eab && [1/2] Building C object CMakeFiles/cmTC_a3eab.dir/CMakeCCompilerABI.c.o]
  ignore line: [Apple clang version 11.0.3 (clang-1103.0.32.62)]
  ignore line: [Target: x86_64-apple-darwin19.6.0]
  ignore line: [Thread model: posix]
  ignore line: [InstalledDir: /Applications/Xcode.app/Contents/Developer/Toolchains/XcodeDefault.xctoolchain/usr/bin]
  ignore line: [clang: warning: -Wl -v: 'linker' input unused [-Wunused-command-line-argument]]
  ignore line: [ "/Applications/Xcode.app/Contents/Developer/Toolchains/XcodeDefault.xctoolchain/usr/bin/clang" -cc1 -triple x86_64-apple-macosx10.15.0 -Wdeprecated-objc-isa-usage -Werror=deprecated-objc-isa-usage -emit-obj -mrelax-all -disable-free -disable-llvm-verifier -discard-value-names -main-file-name CMakeCCompilerABI.c -mrelocation-model pic -pic-level 2 -mthread-model posix -mframe-pointer=all -fno-strict-return -masm-verbose -munwind-tables -target-sdk-version=10.15.4 -target-cpu penryn -dwarf-column-info -debugger-tuning=lldb -target-linker-version 556.6 -v -coverage-notes-file /Users/akhil/Documents/Py/packages/twinning/twinning_cpp/build/temp.macosx-10.9-x86_64-3.8/CMakeFiles/CMakeTmp/CMakeFiles/cmTC_a3eab.dir/CMakeCCompilerABI.c.gcno -resource-dir /Applications/Xcode.app/Contents/Developer/Toolchains/XcodeDefault.xctoolchain/usr/lib/clang/11.0.3 -dependency-file CMakeFiles/cmTC_a3eab.dir/CMakeCCompilerABI.c.o.d -skip-unused-modulemap-deps -sys-header-deps -MT CMakeFiles/cmTC_a3eab.dir/CMakeCCompilerABI.c.o -isysroot /Applications/Xcode.app/Contents/Developer/Platforms/MacOSX.platform/Developer/SDKs/MacOSX10.15.sdk -I/opt/intel/compilers_and_libraries_2020.2.258/mac/ipp/include -I/opt/intel/compilers_and_libraries_2020.2.258/mac/mkl/include -I/opt/intel/compilers_and_libraries_2020.2.258/mac/pstl/include -I/opt/intel/compilers_and_libraries_2020.2.258/mac/pstl/stdlib -I/opt/intel/compilers_and_libraries_2020.2.258/mac/tbb/include -I/opt/intel/compilers_and_libraries_2020.2.258/mac/tbb/include -I/opt/intel/compilers_and_libraries_2020.2.258/mac/daal/include -internal-isystem /Applications/Xcode.app/Contents/Developer/Platforms/MacOSX.platform/Developer/SDKs/MacOSX10.15.sdk/usr/local/include -internal-isystem /Applications/Xcode.app/Contents/Developer/Toolchains/XcodeDefault.xctoolchain/usr/lib/clang/11.0.3/include -internal-externc-isystem /Applications/Xcode.app/Contents/Developer/Platforms/MacOSX.platform/Developer/SDKs/MacOSX10.15.sdk/usr/include -internal-externc-isystem /Applications/Xcode.app/Contents/Developer/Toolchains/XcodeDefault.xctoolchain/usr/include -Wno-objc-signed-char-bool-implicit-int-conversion -Wno-extra-semi-stmt -Wno-quoted-include-in-framework-header -fdebug-compilation-dir /Users/akhil/Documents/Py/packages/twinning/twinning_cpp/build/temp.macosx-10.9-x86_64-3.8/CMakeFiles/CMakeTmp -ferror-limit 19 -fmessage-length 0 -stack-protector 1 -fstack-check -mdarwin-stkchk-strong-link -fblocks -fencode-extended-block-signature -fregister-global-dtors-with-atexit -fobjc-runtime=macosx-10.15.0 -fmax-type-align=16 -fdiagnostics-show-option -o CMakeFiles/cmTC_a3eab.dir/CMakeCCompilerABI.c.o -x c /private/var/folders/zw/s4y3985n34vgcws76msc2chc0000gn/T/pip-build-env-t8ztvl03/overlay/lib/python3.8/site-packages/cmake/data/CMake.app/Contents/share/cmake-3.21/Modules/CMakeCCompilerABI.c]
  ignore line: [clang -cc1 version 11.0.3 (clang-1103.0.32.62) default target x86_64-apple-darwin19.6.0]
  ignore line: [ignoring nonexistent directory "/Applications/Xcode.app/Contents/Developer/Platforms/MacOSX.platform/Developer/SDKs/MacOSX10.15.sdk/usr/local/include"]
  ignore line: [ignoring nonexistent directory "/Applications/Xcode.app/Contents/Developer/Platforms/MacOSX.platform/Developer/SDKs/MacOSX10.15.sdk/Library/Frameworks"]
  ignore line: [ignoring duplicate directory "/opt/intel/compilers_and_libraries_2020.2.258/mac/tbb/include"]
  ignore line: [#include "..." search starts here:]
  ignore line: [#include <...> search starts here:]
  ignore line: [ /opt/intel/compilers_and_libraries_2020.2.258/mac/ipp/include]
  ignore line: [ /opt/intel/compilers_and_libraries_2020.2.258/mac/mkl/include]
  ignore line: [ /opt/intel/compilers_and_libraries_2020.2.258/mac/pstl/include]
  ignore line: [ /opt/intel/compilers_and_libraries_2020.2.258/mac/pstl/stdlib]
  ignore line: [ /opt/intel/compilers_and_libraries_2020.2.258/mac/tbb/include]
  ignore line: [ /opt/intel/compilers_and_libraries_2020.2.258/mac/daal/include]
  ignore line: [ /Applications/Xcode.app/Contents/Developer/Toolchains/XcodeDefault.xctoolchain/usr/lib/clang/11.0.3/include]
  ignore line: [ /Applications/Xcode.app/Contents/Developer/Platforms/MacOSX.platform/Developer/SDKs/MacOSX10.15.sdk/usr/include]
  ignore line: [ /Applications/Xcode.app/Contents/Developer/Toolchains/XcodeDefault.xctoolchain/usr/include]
  ignore line: [ /Applications/Xcode.app/Contents/Developer/Platforms/MacOSX.platform/Developer/SDKs/MacOSX10.15.sdk/System/Library/Frameworks (framework directory)]
  ignore line: [End of search list.]
  ignore line: [[2/2] Linking C executable cmTC_a3eab]
  ignore line: [Apple clang version 11.0.3 (clang-1103.0.32.62)]
  ignore line: [Target: x86_64-apple-darwin19.6.0]
  ignore line: [Thread model: posix]
  ignore line: [InstalledDir: /Applications/Xcode.app/Contents/Developer/Toolchains/XcodeDefault.xctoolchain/usr/bin]
  link line: [ "/Applications/Xcode.app/Contents/Developer/Toolchains/XcodeDefault.xctoolchain/usr/bin/ld" -demangle -lto_library /Applications/Xcode.app/Contents/Developer/Toolchains/XcodeDefault.xctoolchain/usr/lib/libLTO.dylib -dynamic -arch x86_64 -platform_version macos 10.15.0 10.15.4 -syslibroot /Applications/Xcode.app/Contents/Developer/Platforms/MacOSX.platform/Developer/SDKs/MacOSX10.15.sdk -o cmTC_a3eab -search_paths_first -headerpad_max_install_names -v CMakeFiles/cmTC_a3eab.dir/CMakeCCompilerABI.c.o -L/opt/intel/compilers_and_libraries_2020.2.258/mac/ipp/lib -L/opt/intel/compilers_and_libraries_2020.2.258/mac/compiler/lib -L/opt/intel/compilers_and_libraries_2020.2.258/mac/mkl/lib -L/opt/intel/compilers_and_libraries_2020.2.258/mac/tbb/lib -L/opt/intel/compilers_and_libraries_2020.2.258/mac/tbb/lib -L/opt/intel/compilers_and_libraries_2020.2.258/mac/daal/lib -L/opt/intel/compilers_and_libraries_2020.2.258/mac/daal/../tbb/lib -lSystem /Applications/Xcode.app/Contents/Developer/Toolchains/XcodeDefault.xctoolchain/usr/lib/clang/11.0.3/lib/darwin/libclang_rt.osx.a]
    arg [/Applications/Xcode.app/Contents/Developer/Toolchains/XcodeDefault.xctoolchain/usr/bin/ld] ==> ignore
    arg [-demangle] ==> ignore
    arg [-lto_library] ==> ignore, skip following value
    arg [/Applications/Xcode.app/Contents/Developer/Toolchains/XcodeDefault.xctoolchain/usr/lib/libLTO.dylib] ==> skip value of -lto_library
    arg [-dynamic] ==> ignore
    arg [-arch] ==> ignore
    arg [x86_64] ==> ignore
    arg [-platform_version] ==> ignore
    arg [macos] ==> ignore
    arg [10.15.0] ==> ignore
    arg [10.15.4] ==> ignore
    arg [-syslibroot] ==> ignore
    arg [/Applications/Xcode.app/Contents/Developer/Platforms/MacOSX.platform/Developer/SDKs/MacOSX10.15.sdk] ==> ignore
    arg [-o] ==> ignore
    arg [cmTC_a3eab] ==> ignore
    arg [-search_paths_first] ==> ignore
    arg [-headerpad_max_install_names] ==> ignore
    arg [-v] ==> ignore
    arg [CMakeFiles/cmTC_a3eab.dir/CMakeCCompilerABI.c.o] ==> ignore
    arg [-L/opt/intel/compilers_and_libraries_2020.2.258/mac/ipp/lib] ==> dir [/opt/intel/compilers_and_libraries_2020.2.258/mac/ipp/lib]
    arg [-L/opt/intel/compilers_and_libraries_2020.2.258/mac/compiler/lib] ==> dir [/opt/intel/compilers_and_libraries_2020.2.258/mac/compiler/lib]
    arg [-L/opt/intel/compilers_and_libraries_2020.2.258/mac/mkl/lib] ==> dir [/opt/intel/compilers_and_libraries_2020.2.258/mac/mkl/lib]
    arg [-L/opt/intel/compilers_and_libraries_2020.2.258/mac/tbb/lib] ==> dir [/opt/intel/compilers_and_libraries_2020.2.258/mac/tbb/lib]
    arg [-L/opt/intel/compilers_and_libraries_2020.2.258/mac/tbb/lib] ==> dir [/opt/intel/compilers_and_libraries_2020.2.258/mac/tbb/lib]
    arg [-L/opt/intel/compilers_and_libraries_2020.2.258/mac/daal/lib] ==> dir [/opt/intel/compilers_and_libraries_2020.2.258/mac/daal/lib]
    arg [-L/opt/intel/compilers_and_libraries_2020.2.258/mac/daal/../tbb/lib] ==> dir [/opt/intel/compilers_and_libraries_2020.2.258/mac/daal/../tbb/lib]
    arg [-lSystem] ==> lib [System]
    arg [/Applications/Xcode.app/Contents/Developer/Toolchains/XcodeDefault.xctoolchain/usr/lib/clang/11.0.3/lib/darwin/libclang_rt.osx.a] ==> lib [/Applications/Xcode.app/Contents/Developer/Toolchains/XcodeDefault.xctoolchain/usr/lib/clang/11.0.3/lib/darwin/libclang_rt.osx.a]
  Library search paths: [;/opt/intel/compilers_and_libraries_2020.2.258/mac/ipp/lib;/opt/intel/compilers_and_libraries_2020.2.258/mac/compiler/lib;/opt/intel/compilers_and_libraries_2020.2.258/mac/mkl/lib;/opt/intel/compilers_and_libraries_2020.2.258/mac/tbb/lib;/opt/intel/compilers_and_libraries_2020.2.258/mac/tbb/lib;/opt/intel/compilers_and_libraries_2020.2.258/mac/daal/lib;/opt/intel/compilers_and_libraries_2020.2.258/mac/tbb/lib;/Applications/Xcode.app/Contents/Developer/Platforms/MacOSX.platform/Developer/SDKs/MacOSX10.15.sdk/usr/lib]
  Framework search paths: [;/Applications/Xcode.app/Contents/Developer/Platforms/MacOSX.platform/Developer/SDKs/MacOSX10.15.sdk/System/Library/Frameworks/]
  remove lib [System]
  remove lib [/Applications/Xcode.app/Contents/Developer/Toolchains/XcodeDefault.xctoolchain/usr/lib/clang/11.0.3/lib/darwin/libclang_rt.osx.a]
  collapse library dir [/opt/intel/compilers_and_libraries_2020.2.258/mac/ipp/lib] ==> [/opt/intel/compilers_and_libraries_2020.2.258/mac/ipp/lib]
  collapse library dir [/opt/intel/compilers_and_libraries_2020.2.258/mac/compiler/lib] ==> [/opt/intel/compilers_and_libraries_2020.2.258/mac/compiler/lib]
  collapse library dir [/opt/intel/compilers_and_libraries_2020.2.258/mac/mkl/lib] ==> [/opt/intel/compilers_and_libraries_2020.2.258/mac/mkl/lib]
  collapse library dir [/opt/intel/compilers_and_libraries_2020.2.258/mac/tbb/lib] ==> [/opt/intel/compilers_and_libraries_2020.2.258/mac/tbb/lib]
  collapse library dir [/opt/intel/compilers_and_libraries_2020.2.258/mac/tbb/lib] ==> [/opt/intel/compilers_and_libraries_2020.2.258/mac/tbb/lib]
  collapse library dir [/opt/intel/compilers_and_libraries_2020.2.258/mac/daal/lib] ==> [/opt/intel/compilers_and_libraries_2020.2.258/mac/daal/lib]
  collapse library dir [/opt/intel/compilers_and_libraries_2020.2.258/mac/daal/../tbb/lib] ==> [/opt/intel/compilers_and_libraries_2020.2.258/mac/tbb/lib]
  collapse library dir [/opt/intel/compilers_and_libraries_2020.2.258/mac/ipp/lib] ==> [/opt/intel/compilers_and_libraries_2020.2.258/mac/ipp/lib]
  collapse library dir [/opt/intel/compilers_and_libraries_2020.2.258/mac/compiler/lib] ==> [/opt/intel/compilers_and_libraries_2020.2.258/mac/compiler/lib]
  collapse library dir [/opt/intel/compilers_and_libraries_2020.2.258/mac/mkl/lib] ==> [/opt/intel/compilers_and_libraries_2020.2.258/mac/mkl/lib]
  collapse library dir [/opt/intel/compilers_and_libraries_2020.2.258/mac/tbb/lib] ==> [/opt/intel/compilers_and_libraries_2020.2.258/mac/tbb/lib]
  collapse library dir [/opt/intel/compilers_and_libraries_2020.2.258/mac/tbb/lib] ==> [/opt/intel/compilers_and_libraries_2020.2.258/mac/tbb/lib]
  collapse library dir [/opt/intel/compilers_and_libraries_2020.2.258/mac/daal/lib] ==> [/opt/intel/compilers_and_libraries_2020.2.258/mac/daal/lib]
  collapse library dir [/opt/intel/compilers_and_libraries_2020.2.258/mac/tbb/lib] ==> [/opt/intel/compilers_and_libraries_2020.2.258/mac/tbb/lib]
  collapse library dir [/Applications/Xcode.app/Contents/Developer/Platforms/MacOSX.platform/Developer/SDKs/MacOSX10.15.sdk/usr/lib] ==> [/Applications/Xcode.app/Contents/Developer/Platforms/MacOSX.platform/Developer/SDKs/MacOSX10.15.sdk/usr/lib]
  collapse framework dir [/Applications/Xcode.app/Contents/Developer/Platforms/MacOSX.platform/Developer/SDKs/MacOSX10.15.sdk/System/Library/Frameworks/] ==> [/Applications/Xcode.app/Contents/Developer/Platforms/MacOSX.platform/Developer/SDKs/MacOSX10.15.sdk/System/Library/Frameworks]
  implicit libs: []
  implicit objs: []
  implicit dirs: [/opt/intel/compilers_and_libraries_2020.2.258/mac/ipp/lib;/opt/intel/compilers_and_libraries_2020.2.258/mac/compiler/lib;/opt/intel/compilers_and_libraries_2020.2.258/mac/mkl/lib;/opt/intel/compilers_and_libraries_2020.2.258/mac/tbb/lib;/opt/intel/compilers_and_libraries_2020.2.258/mac/daal/lib;/Applications/Xcode.app/Contents/Developer/Platforms/MacOSX.platform/Developer/SDKs/MacOSX10.15.sdk/usr/lib]
  implicit fwks: [/Applications/Xcode.app/Contents/Developer/Platforms/MacOSX.platform/Developer/SDKs/MacOSX10.15.sdk/System/Library/Frameworks]


Detecting CXX compiler ABI info compiled with the following output:
Change Dir: /Users/akhil/Documents/Py/packages/twinning/twinning_cpp/build/temp.macosx-10.9-x86_64-3.8/CMakeFiles/CMakeTmp

Run Build Command(s):/private/var/folders/zw/s4y3985n34vgcws76msc2chc0000gn/T/pip-build-env-t8ztvl03/overlay/bin/ninja cmTC_d9b04 && [1/2] Building CXX object CMakeFiles/cmTC_d9b04.dir/CMakeCXXCompilerABI.cpp.o
Apple clang version 11.0.3 (clang-1103.0.32.62)
Target: x86_64-apple-darwin19.6.0
Thread model: posix
InstalledDir: /Applications/Xcode.app/Contents/Developer/Toolchains/XcodeDefault.xctoolchain/usr/bin
clang: warning: -Wl,-v: 'linker' input unused [-Wunused-command-line-argument]
 "/Applications/Xcode.app/Contents/Developer/Toolchains/XcodeDefault.xctoolchain/usr/bin/clang" -cc1 -triple x86_64-apple-macosx10.15.0 -Wdeprecated-objc-isa-usage -Werror=deprecated-objc-isa-usage -emit-obj -mrelax-all -disable-free -disable-llvm-verifier -discard-value-names -main-file-name CMakeCXXCompilerABI.cpp -mrelocation-model pic -pic-level 2 -mthread-model posix -mframe-pointer=all -fno-strict-return -masm-verbose -munwind-tables -target-sdk-version=10.15.4 -target-cpu penryn -dwarf-column-info -debugger-tuning=lldb -target-linker-version 556.6 -v -coverage-notes-file /Users/akhil/Documents/Py/packages/twinning/twinning_cpp/build/temp.macosx-10.9-x86_64-3.8/CMakeFiles/CMakeTmp/CMakeFiles/cmTC_d9b04.dir/CMakeCXXCompilerABI.cpp.gcno -resource-dir /Applications/Xcode.app/Contents/Developer/Toolchains/XcodeDefault.xctoolchain/usr/lib/clang/11.0.3 -dependency-file CMakeFiles/cmTC_d9b04.dir/CMakeCXXCompilerABI.cpp.o.d -skip-unused-modulemap-deps -sys-header-deps -MT CMakeFiles/cmTC_d9b04.dir/CMakeCXXCompilerABI.cpp.o -isysroot /Applications/Xcode.app/Contents/Developer/Platforms/MacOSX.platform/Developer/SDKs/MacOSX10.15.sdk -I/opt/intel/compilers_and_libraries_2020.2.258/mac/ipp/include -I/opt/intel/compilers_and_libraries_2020.2.258/mac/mkl/include -I/opt/intel/compilers_and_libraries_2020.2.258/mac/pstl/include -I/opt/intel/compilers_and_libraries_2020.2.258/mac/pstl/stdlib -I/opt/intel/compilers_and_libraries_2020.2.258/mac/tbb/include -I/opt/intel/compilers_and_libraries_2020.2.258/mac/tbb/include -I/opt/intel/compilers_and_libraries_2020.2.258/mac/daal/include -stdlib=libc++ -internal-isystem /Applications/Xcode.app/Contents/Developer/Toolchains/XcodeDefault.xctoolchain/usr/bin/../include/c++/v1 -internal-isystem /Applications/Xcode.app/Contents/Developer/Platforms/MacOSX.platform/Developer/SDKs/MacOSX10.15.sdk/usr/include/c++/v1 -internal-isystem /Applications/Xcode.app/Contents/Developer/Platforms/MacOSX.platform/Developer/SDKs/MacOSX10.15.sdk/usr/local/include -internal-isystem /Applications/Xcode.app/Contents/Developer/Toolchains/XcodeDefault.xctoolchain/usr/lib/clang/11.0.3/include -internal-externc-isystem /Applications/Xcode.app/Contents/Developer/Platforms/MacOSX.platform/Developer/SDKs/MacOSX10.15.sdk/usr/include -internal-externc-isystem /Applications/Xcode.app/Contents/Developer/Toolchains/XcodeDefault.xctoolchain/usr/include -Wno-objc-signed-char-bool-implicit-int-conversion -Wno-extra-semi-stmt -Wno-quoted-include-in-framework-header -fdeprecated-macro -fdebug-compilation-dir /Users/akhil/Documents/Py/packages/twinning/twinning_cpp/build/temp.macosx-10.9-x86_64-3.8/CMakeFiles/CMakeTmp -ferror-limit 19 -fmessage-length 0 -stack-protector 1 -fstack-check -mdarwin-stkchk-strong-link -fblocks -fencode-extended-block-signature -fregister-global-dtors-with-atexit -fobjc-runtime=macosx-10.15.0 -fcxx-exceptions -fexceptions -fmax-type-align=16 -fdiagnostics-show-option -o CMakeFiles/cmTC_d9b04.dir/CMakeCXXCompilerABI.cpp.o -x c++ /private/var/folders/zw/s4y3985n34vgcws76msc2chc0000gn/T/pip-build-env-t8ztvl03/overlay/lib/python3.8/site-packages/cmake/data/CMake.app/Contents/share/cmake-3.21/Modules/CMakeCXXCompilerABI.cpp
clang -cc1 version 11.0.3 (clang-1103.0.32.62) default target x86_64-apple-darwin19.6.0
ignoring nonexistent directory "/Applications/Xcode.app/Contents/Developer/Platforms/MacOSX.platform/Developer/SDKs/MacOSX10.15.sdk/usr/include/c++/v1"
ignoring nonexistent directory "/Applications/Xcode.app/Contents/Developer/Platforms/MacOSX.platform/Developer/SDKs/MacOSX10.15.sdk/usr/local/include"
ignoring nonexistent directory "/Applications/Xcode.app/Contents/Developer/Platforms/MacOSX.platform/Developer/SDKs/MacOSX10.15.sdk/Library/Frameworks"
ignoring duplicate directory "/opt/intel/compilers_and_libraries_2020.2.258/mac/tbb/include"
#include "..." search starts here:
#include <...> search starts here:
 /opt/intel/compilers_and_libraries_2020.2.258/mac/ipp/include
 /opt/intel/compilers_and_libraries_2020.2.258/mac/mkl/include
 /opt/intel/compilers_and_libraries_2020.2.258/mac/pstl/include
 /opt/intel/compilers_and_libraries_2020.2.258/mac/pstl/stdlib
 /opt/intel/compilers_and_libraries_2020.2.258/mac/tbb/include
 /opt/intel/compilers_and_libraries_2020.2.258/mac/daal/include
 /Applications/Xcode.app/Contents/Developer/Toolchains/XcodeDefault.xctoolchain/usr/bin/../include/c++/v1
 /Applications/Xcode.app/Contents/Developer/Toolchains/XcodeDefault.xctoolchain/usr/lib/clang/11.0.3/include
 /Applications/Xcode.app/Contents/Developer/Platforms/MacOSX.platform/Developer/SDKs/MacOSX10.15.sdk/usr/include
 /Applications/Xcode.app/Contents/Developer/Toolchains/XcodeDefault.xctoolchain/usr/include
 /Applications/Xcode.app/Contents/Developer/Platforms/MacOSX.platform/Developer/SDKs/MacOSX10.15.sdk/System/Library/Frameworks (framework directory)
End of search list.
[2/2] Linking CXX executable cmTC_d9b04
Apple clang version 11.0.3 (clang-1103.0.32.62)
Target: x86_64-apple-darwin19.6.0
Thread model: posix
InstalledDir: /Applications/Xcode.app/Contents/Developer/Toolchains/XcodeDefault.xctoolchain/usr/bin
 "/Applications/Xcode.app/Contents/Developer/Toolchains/XcodeDefault.xctoolchain/usr/bin/ld" -demangle -lto_library /Applications/Xcode.app/Contents/Developer/Toolchains/XcodeDefault.xctoolchain/usr/lib/libLTO.dylib -dynamic -arch x86_64 -platform_version macos 10.15.0 10.15.4 -syslibroot /Applications/Xcode.app/Contents/Developer/Platforms/MacOSX.platform/Developer/SDKs/MacOSX10.15.sdk -o cmTC_d9b04 -search_paths_first -headerpad_max_install_names -v CMakeFiles/cmTC_d9b04.dir/CMakeCXXCompilerABI.cpp.o -L/opt/intel/compilers_and_libraries_2020.2.258/mac/ipp/lib -L/opt/intel/compilers_and_libraries_2020.2.258/mac/compiler/lib -L/opt/intel/compilers_and_libraries_2020.2.258/mac/mkl/lib -L/opt/intel/compilers_and_libraries_2020.2.258/mac/tbb/lib -L/opt/intel/compilers_and_libraries_2020.2.258/mac/tbb/lib -L/opt/intel/compilers_and_libraries_2020.2.258/mac/daal/lib -L/opt/intel/compilers_and_libraries_2020.2.258/mac/daal/../tbb/lib -lc++ -lSystem /Applications/Xcode.app/Contents/Developer/Toolchains/XcodeDefault.xctoolchain/usr/lib/clang/11.0.3/lib/darwin/libclang_rt.osx.a
@(#)PROGRAM:ld  PROJECT:ld64-556.6
BUILD 17:57:49 Apr 24 2020
configured to support archs: armv6 armv7 armv7s arm64 arm64e arm64_32 i386 x86_64 x86_64h armv6m armv7k armv7m armv7em
Library search paths:
	/opt/intel/compilers_and_libraries_2020.2.258/mac/ipp/lib
	/opt/intel/compilers_and_libraries_2020.2.258/mac/compiler/lib
	/opt/intel/compilers_and_libraries_2020.2.258/mac/mkl/lib
	/opt/intel/compilers_and_libraries_2020.2.258/mac/tbb/lib
	/opt/intel/compilers_and_libraries_2020.2.258/mac/tbb/lib
	/opt/intel/compilers_and_libraries_2020.2.258/mac/daal/lib
	/opt/intel/compilers_and_libraries_2020.2.258/mac/tbb/lib
	/Applications/Xcode.app/Contents/Developer/Platforms/MacOSX.platform/Developer/SDKs/MacOSX10.15.sdk/usr/lib
Framework search paths:
	/Applications/Xcode.app/Contents/Developer/Platforms/MacOSX.platform/Developer/SDKs/MacOSX10.15.sdk/System/Library/Frameworks/



Parsed CXX implicit include dir info from above output: rv=done
  found start of include info
  found start of implicit include info
    add: [/opt/intel/compilers_and_libraries_2020.2.258/mac/ipp/include]
    add: [/opt/intel/compilers_and_libraries_2020.2.258/mac/mkl/include]
    add: [/opt/intel/compilers_and_libraries_2020.2.258/mac/pstl/include]
    add: [/opt/intel/compilers_and_libraries_2020.2.258/mac/pstl/stdlib]
    add: [/opt/intel/compilers_and_libraries_2020.2.258/mac/tbb/include]
    add: [/opt/intel/compilers_and_libraries_2020.2.258/mac/daal/include]
    add: [/Applications/Xcode.app/Contents/Developer/Toolchains/XcodeDefault.xctoolchain/usr/bin/../include/c++/v1]
    add: [/Applications/Xcode.app/Contents/Developer/Toolchains/XcodeDefault.xctoolchain/usr/lib/clang/11.0.3/include]
    add: [/Applications/Xcode.app/Contents/Developer/Platforms/MacOSX.platform/Developer/SDKs/MacOSX10.15.sdk/usr/include]
    add: [/Applications/Xcode.app/Contents/Developer/Toolchains/XcodeDefault.xctoolchain/usr/include]
  end of search list found
  collapse include dir [/opt/intel/compilers_and_libraries_2020.2.258/mac/ipp/include] ==> [/opt/intel/compilers_and_libraries_2020.2.258/mac/ipp/include]
  collapse include dir [/opt/intel/compilers_and_libraries_2020.2.258/mac/mkl/include] ==> [/opt/intel/compilers_and_libraries_2020.2.258/mac/mkl/include]
  collapse include dir [/opt/intel/compilers_and_libraries_2020.2.258/mac/pstl/include] ==> [/opt/intel/compilers_and_libraries_2020.2.258/mac/pstl/include]
  collapse include dir [/opt/intel/compilers_and_libraries_2020.2.258/mac/pstl/stdlib] ==> [/opt/intel/compilers_and_libraries_2020.2.258/mac/pstl/stdlib]
  collapse include dir [/opt/intel/compilers_and_libraries_2020.2.258/mac/tbb/include] ==> [/opt/intel/compilers_and_libraries_2020.2.258/mac/tbb/include]
  collapse include dir [/opt/intel/compilers_and_libraries_2020.2.258/mac/daal/include] ==> [/opt/intel/compilers_and_libraries_2020.2.258/mac/daal/include]
  collapse include dir [/Applications/Xcode.app/Contents/Developer/Toolchains/XcodeDefault.xctoolchain/usr/bin/../include/c++/v1] ==> [/Applications/Xcode.app/Contents/Developer/Toolchains/XcodeDefault.xctoolchain/usr/include/c++/v1]
  collapse include dir [/Applications/Xcode.app/Contents/Developer/Toolchains/XcodeDefault.xctoolchain/usr/lib/clang/11.0.3/include] ==> [/Applications/Xcode.app/Contents/Developer/Toolchains/XcodeDefault.xctoolchain/usr/lib/clang/11.0.3/include]
  collapse include dir [/Applications/Xcode.app/Contents/Developer/Platforms/MacOSX.platform/Developer/SDKs/MacOSX10.15.sdk/usr/include] ==> [/Applications/Xcode.app/Contents/Developer/Platforms/MacOSX.platform/Developer/SDKs/MacOSX10.15.sdk/usr/include]
  collapse include dir [/Applications/Xcode.app/Contents/Developer/Toolchains/XcodeDefault.xctoolchain/usr/include] ==> [/Applications/Xcode.app/Contents/Developer/Toolchains/XcodeDefault.xctoolchain/usr/include]
  implicit include dirs: [/opt/intel/compilers_and_libraries_2020.2.258/mac/ipp/include;/opt/intel/compilers_and_libraries_2020.2.258/mac/mkl/include;/opt/intel/compilers_and_libraries_2020.2.258/mac/pstl/include;/opt/intel/compilers_and_libraries_2020.2.258/mac/pstl/stdlib;/opt/intel/compilers_and_libraries_2020.2.258/mac/tbb/include;/opt/intel/compilers_and_libraries_2020.2.258/mac/daal/include;/Applications/Xcode.app/Contents/Developer/Toolchains/XcodeDefault.xctoolchain/usr/include/c++/v1;/Applications/Xcode.app/Contents/Developer/Toolchains/XcodeDefault.xctoolchain/usr/lib/clang/11.0.3/include;/Applications/Xcode.app/Contents/Developer/Platforms/MacOSX.platform/Developer/SDKs/MacOSX10.15.sdk/usr/include;/Applications/Xcode.app/Contents/Developer/Toolchains/XcodeDefault.xctoolchain/usr/include]


Parsed CXX implicit link information from above output:
  link line regex: [^( *|.*[/\])(ld|CMAKE_LINK_STARTFILE-NOTFOUND|([^/\]+-)?ld|collect2)[^/\]*( |$)]
  ignore line: [Change Dir: /Users/akhil/Documents/Py/packages/twinning/twinning_cpp/build/temp.macosx-10.9-x86_64-3.8/CMakeFiles/CMakeTmp]
  ignore line: []
  ignore line: [Run Build Command(s):/private/var/folders/zw/s4y3985n34vgcws76msc2chc0000gn/T/pip-build-env-t8ztvl03/overlay/bin/ninja cmTC_d9b04 && [1/2] Building CXX object CMakeFiles/cmTC_d9b04.dir/CMakeCXXCompilerABI.cpp.o]
  ignore line: [Apple clang version 11.0.3 (clang-1103.0.32.62)]
  ignore line: [Target: x86_64-apple-darwin19.6.0]
  ignore line: [Thread model: posix]
  ignore line: [InstalledDir: /Applications/Xcode.app/Contents/Developer/Toolchains/XcodeDefault.xctoolchain/usr/bin]
  ignore line: [clang: warning: -Wl -v: 'linker' input unused [-Wunused-command-line-argument]]
  ignore line: [ "/Applications/Xcode.app/Contents/Developer/Toolchains/XcodeDefault.xctoolchain/usr/bin/clang" -cc1 -triple x86_64-apple-macosx10.15.0 -Wdeprecated-objc-isa-usage -Werror=deprecated-objc-isa-usage -emit-obj -mrelax-all -disable-free -disable-llvm-verifier -discard-value-names -main-file-name CMakeCXXCompilerABI.cpp -mrelocation-model pic -pic-level 2 -mthread-model posix -mframe-pointer=all -fno-strict-return -masm-verbose -munwind-tables -target-sdk-version=10.15.4 -target-cpu penryn -dwarf-column-info -debugger-tuning=lldb -target-linker-version 556.6 -v -coverage-notes-file /Users/akhil/Documents/Py/packages/twinning/twinning_cpp/build/temp.macosx-10.9-x86_64-3.8/CMakeFiles/CMakeTmp/CMakeFiles/cmTC_d9b04.dir/CMakeCXXCompilerABI.cpp.gcno -resource-dir /Applications/Xcode.app/Contents/Developer/Toolchains/XcodeDefault.xctoolchain/usr/lib/clang/11.0.3 -dependency-file CMakeFiles/cmTC_d9b04.dir/CMakeCXXCompilerABI.cpp.o.d -skip-unused-modulemap-deps -sys-header-deps -MT CMakeFiles/cmTC_d9b04.dir/CMakeCXXCompilerABI.cpp.o -isysroot /Applications/Xcode.app/Contents/Developer/Platforms/MacOSX.platform/Developer/SDKs/MacOSX10.15.sdk -I/opt/intel/compilers_and_libraries_2020.2.258/mac/ipp/include -I/opt/intel/compilers_and_libraries_2020.2.258/mac/mkl/include -I/opt/intel/compilers_and_libraries_2020.2.258/mac/pstl/include -I/opt/intel/compilers_and_libraries_2020.2.258/mac/pstl/stdlib -I/opt/intel/compilers_and_libraries_2020.2.258/mac/tbb/include -I/opt/intel/compilers_and_libraries_2020.2.258/mac/tbb/include -I/opt/intel/compilers_and_libraries_2020.2.258/mac/daal/include -stdlib=libc++ -internal-isystem /Applications/Xcode.app/Contents/Developer/Toolchains/XcodeDefault.xctoolchain/usr/bin/../include/c++/v1 -internal-isystem /Applications/Xcode.app/Contents/Developer/Platforms/MacOSX.platform/Developer/SDKs/MacOSX10.15.sdk/usr/include/c++/v1 -internal-isystem /Applications/Xcode.app/Contents/Developer/Platforms/MacOSX.platform/Developer/SDKs/MacOSX10.15.sdk/usr/local/include -internal-isystem /Applications/Xcode.app/Contents/Developer/Toolchains/XcodeDefault.xctoolchain/usr/lib/clang/11.0.3/include -internal-externc-isystem /Applications/Xcode.app/Contents/Developer/Platforms/MacOSX.platform/Developer/SDKs/MacOSX10.15.sdk/usr/include -internal-externc-isystem /Applications/Xcode.app/Contents/Developer/Toolchains/XcodeDefault.xctoolchain/usr/include -Wno-objc-signed-char-bool-implicit-int-conversion -Wno-extra-semi-stmt -Wno-quoted-include-in-framework-header -fdeprecated-macro -fdebug-compilation-dir /Users/akhil/Documents/Py/packages/twinning/twinning_cpp/build/temp.macosx-10.9-x86_64-3.8/CMakeFiles/CMakeTmp -ferror-limit 19 -fmessage-length 0 -stack-protector 1 -fstack-check -mdarwin-stkchk-strong-link -fblocks -fencode-extended-block-signature -fregister-global-dtors-with-atexit -fobjc-runtime=macosx-10.15.0 -fcxx-exceptions -fexceptions -fmax-type-align=16 -fdiagnostics-show-option -o CMakeFiles/cmTC_d9b04.dir/CMakeCXXCompilerABI.cpp.o -x c++ /private/var/folders/zw/s4y3985n34vgcws76msc2chc0000gn/T/pip-build-env-t8ztvl03/overlay/lib/python3.8/site-packages/cmake/data/CMake.app/Contents/share/cmake-3.21/Modules/CMakeCXXCompilerABI.cpp]
  ignore line: [clang -cc1 version 11.0.3 (clang-1103.0.32.62) default target x86_64-apple-darwin19.6.0]
  ignore line: [ignoring nonexistent directory "/Applications/Xcode.app/Contents/Developer/Platforms/MacOSX.platform/Developer/SDKs/MacOSX10.15.sdk/usr/include/c++/v1"]
  ignore line: [ignoring nonexistent directory "/Applications/Xcode.app/Contents/Developer/Platforms/MacOSX.platform/Developer/SDKs/MacOSX10.15.sdk/usr/local/include"]
  ignore line: [ignoring nonexistent directory "/Applications/Xcode.app/Contents/Developer/Platforms/MacOSX.platform/Developer/SDKs/MacOSX10.15.sdk/Library/Frameworks"]
  ignore line: [ignoring duplicate directory "/opt/intel/compilers_and_libraries_2020.2.258/mac/tbb/include"]
  ignore line: [#include "..." search starts here:]
  ignore line: [#include <...> search starts here:]
  ignore line: [ /opt/intel/compilers_and_libraries_2020.2.258/mac/ipp/include]
  ignore line: [ /opt/intel/compilers_and_libraries_2020.2.258/mac/mkl/include]
  ignore line: [ /opt/intel/compilers_and_libraries_2020.2.258/mac/pstl/include]
  ignore line: [ /opt/intel/compilers_and_libraries_2020.2.258/mac/pstl/stdlib]
  ignore line: [ /opt/intel/compilers_and_libraries_2020.2.258/mac/tbb/include]
  ignore line: [ /opt/intel/compilers_and_libraries_2020.2.258/mac/daal/include]
  ignore line: [ /Applications/Xcode.app/Contents/Developer/Toolchains/XcodeDefault.xctoolchain/usr/bin/../include/c++/v1]
  ignore line: [ /Applications/Xcode.app/Contents/Developer/Toolchains/XcodeDefault.xctoolchain/usr/lib/clang/11.0.3/include]
  ignore line: [ /Applications/Xcode.app/Contents/Developer/Platforms/MacOSX.platform/Developer/SDKs/MacOSX10.15.sdk/usr/include]
  ignore line: [ /Applications/Xcode.app/Contents/Developer/Toolchains/XcodeDefault.xctoolchain/usr/include]
  ignore line: [ /Applications/Xcode.app/Contents/Developer/Platforms/MacOSX.platform/Developer/SDKs/MacOSX10.15.sdk/System/Library/Frameworks (framework directory)]
  ignore line: [End of search list.]
  ignore line: [[2/2] Linking CXX executable cmTC_d9b04]
  ignore line: [Apple clang version 11.0.3 (clang-1103.0.32.62)]
  ignore line: [Target: x86_64-apple-darwin19.6.0]
  ignore line: [Thread model: posix]
  ignore line: [InstalledDir: /Applications/Xcode.app/Contents/Developer/Toolchains/XcodeDefault.xctoolchain/usr/bin]
  link line: [ "/Applications/Xcode.app/Contents/Developer/Toolchains/XcodeDefault.xctoolchain/usr/bin/ld" -demangle -lto_library /Applications/Xcode.app/Contents/Developer/Toolchains/XcodeDefault.xctoolchain/usr/lib/libLTO.dylib -dynamic -arch x86_64 -platform_version macos 10.15.0 10.15.4 -syslibroot /Applications/Xcode.app/Contents/Developer/Platforms/MacOSX.platform/Developer/SDKs/MacOSX10.15.sdk -o cmTC_d9b04 -search_paths_first -headerpad_max_install_names -v CMakeFiles/cmTC_d9b04.dir/CMakeCXXCompilerABI.cpp.o -L/opt/intel/compilers_and_libraries_2020.2.258/mac/ipp/lib -L/opt/intel/compilers_and_libraries_2020.2.258/mac/compiler/lib -L/opt/intel/compilers_and_libraries_2020.2.258/mac/mkl/lib -L/opt/intel/compilers_and_libraries_2020.2.258/mac/tbb/lib -L/opt/intel/compilers_and_libraries_2020.2.258/mac/tbb/lib -L/opt/intel/compilers_and_libraries_2020.2.258/mac/daal/lib -L/opt/intel/compilers_and_libraries_2020.2.258/mac/daal/../tbb/lib -lc++ -lSystem /Applications/Xcode.app/Contents/Developer/Toolchains/XcodeDefault.xctoolchain/usr/lib/clang/11.0.3/lib/darwin/libclang_rt.osx.a]
    arg [/Applications/Xcode.app/Contents/Developer/Toolchains/XcodeDefault.xctoolchain/usr/bin/ld] ==> ignore
    arg [-demangle] ==> ignore
    arg [-lto_library] ==> ignore, skip following value
    arg [/Applications/Xcode.app/Contents/Developer/Toolchains/XcodeDefault.xctoolchain/usr/lib/libLTO.dylib] ==> skip value of -lto_library
    arg [-dynamic] ==> ignore
    arg [-arch] ==> ignore
    arg [x86_64] ==> ignore
    arg [-platform_version] ==> ignore
    arg [macos] ==> ignore
    arg [10.15.0] ==> ignore
    arg [10.15.4] ==> ignore
    arg [-syslibroot] ==> ignore
    arg [/Applications/Xcode.app/Contents/Developer/Platforms/MacOSX.platform/Developer/SDKs/MacOSX10.15.sdk] ==> ignore
    arg [-o] ==> ignore
    arg [cmTC_d9b04] ==> ignore
    arg [-search_paths_first] ==> ignore
    arg [-headerpad_max_install_names] ==> ignore
    arg [-v] ==> ignore
    arg [CMakeFiles/cmTC_d9b04.dir/CMakeCXXCompilerABI.cpp.o] ==> ignore
    arg [-L/opt/intel/compilers_and_libraries_2020.2.258/mac/ipp/lib] ==> dir [/opt/intel/compilers_and_libraries_2020.2.258/mac/ipp/lib]
    arg [-L/opt/intel/compilers_and_libraries_2020.2.258/mac/compiler/lib] ==> dir [/opt/intel/compilers_and_libraries_2020.2.258/mac/compiler/lib]
    arg [-L/opt/intel/compilers_and_libraries_2020.2.258/mac/mkl/lib] ==> dir [/opt/intel/compilers_and_libraries_2020.2.258/mac/mkl/lib]
    arg [-L/opt/intel/compilers_and_libraries_2020.2.258/mac/tbb/lib] ==> dir [/opt/intel/compilers_and_libraries_2020.2.258/mac/tbb/lib]
    arg [-L/opt/intel/compilers_and_libraries_2020.2.258/mac/tbb/lib] ==> dir [/opt/intel/compilers_and_libraries_2020.2.258/mac/tbb/lib]
    arg [-L/opt/intel/compilers_and_libraries_2020.2.258/mac/daal/lib] ==> dir [/opt/intel/compilers_and_libraries_2020.2.258/mac/daal/lib]
    arg [-L/opt/intel/compilers_and_libraries_2020.2.258/mac/daal/../tbb/lib] ==> dir [/opt/intel/compilers_and_libraries_2020.2.258/mac/daal/../tbb/lib]
    arg [-lc++] ==> lib [c++]
    arg [-lSystem] ==> lib [System]
    arg [/Applications/Xcode.app/Contents/Developer/Toolchains/XcodeDefault.xctoolchain/usr/lib/clang/11.0.3/lib/darwin/libclang_rt.osx.a] ==> lib [/Applications/Xcode.app/Contents/Developer/Toolchains/XcodeDefault.xctoolchain/usr/lib/clang/11.0.3/lib/darwin/libclang_rt.osx.a]
  Library search paths: [;/opt/intel/compilers_and_libraries_2020.2.258/mac/ipp/lib;/opt/intel/compilers_and_libraries_2020.2.258/mac/compiler/lib;/opt/intel/compilers_and_libraries_2020.2.258/mac/mkl/lib;/opt/intel/compilers_and_libraries_2020.2.258/mac/tbb/lib;/opt/intel/compilers_and_libraries_2020.2.258/mac/tbb/lib;/opt/intel/compilers_and_libraries_2020.2.258/mac/daal/lib;/opt/intel/compilers_and_libraries_2020.2.258/mac/tbb/lib;/Applications/Xcode.app/Contents/Developer/Platforms/MacOSX.platform/Developer/SDKs/MacOSX10.15.sdk/usr/lib]
  Framework search paths: [;/Applications/Xcode.app/Contents/Developer/Platforms/MacOSX.platform/Developer/SDKs/MacOSX10.15.sdk/System/Library/Frameworks/]
  remove lib [System]
  remove lib [/Applications/Xcode.app/Contents/Developer/Toolchains/XcodeDefault.xctoolchain/usr/lib/clang/11.0.3/lib/darwin/libclang_rt.osx.a]
  collapse library dir [/opt/intel/compilers_and_libraries_2020.2.258/mac/ipp/lib] ==> [/opt/intel/compilers_and_libraries_2020.2.258/mac/ipp/lib]
  collapse library dir [/opt/intel/compilers_and_libraries_2020.2.258/mac/compiler/lib] ==> [/opt/intel/compilers_and_libraries_2020.2.258/mac/compiler/lib]
  collapse library dir [/opt/intel/compilers_and_libraries_2020.2.258/mac/mkl/lib] ==> [/opt/intel/compilers_and_libraries_2020.2.258/mac/mkl/lib]
  collapse library dir [/opt/intel/compilers_and_libraries_2020.2.258/mac/tbb/lib] ==> [/opt/intel/compilers_and_libraries_2020.2.258/mac/tbb/lib]
  collapse library dir [/opt/intel/compilers_and_libraries_2020.2.258/mac/tbb/lib] ==> [/opt/intel/compilers_and_libraries_2020.2.258/mac/tbb/lib]
  collapse library dir [/opt/intel/compilers_and_libraries_2020.2.258/mac/daal/lib] ==> [/opt/intel/compilers_and_libraries_2020.2.258/mac/daal/lib]
  collapse library dir [/opt/intel/compilers_and_libraries_2020.2.258/mac/daal/../tbb/lib] ==> [/opt/intel/compilers_and_libraries_2020.2.258/mac/tbb/lib]
  collapse library dir [/opt/intel/compilers_and_libraries_2020.2.258/mac/ipp/lib] ==> [/opt/intel/compilers_and_libraries_2020.2.258/mac/ipp/lib]
  collapse library dir [/opt/intel/compilers_and_libraries_2020.2.258/mac/compiler/lib] ==> [/opt/intel/compilers_and_libraries_2020.2.258/mac/compiler/lib]
  collapse library dir [/opt/intel/compilers_and_libraries_2020.2.258/mac/mkl/lib] ==> [/opt/intel/compilers_and_libraries_2020.2.258/mac/mkl/lib]
  collapse library dir [/opt/intel/compilers_and_libraries_2020.2.258/mac/tbb/lib] ==> [/opt/intel/compilers_and_libraries_2020.2.258/mac/tbb/lib]
  collapse library dir [/opt/intel/compilers_and_libraries_2020.2.258/mac/tbb/lib] ==> [/opt/intel/compilers_and_libraries_2020.2.258/mac/tbb/lib]
  collapse library dir [/opt/intel/compilers_and_libraries_2020.2.258/mac/daal/lib] ==> [/opt/intel/compilers_and_libraries_2020.2.258/mac/daal/lib]
  collapse library dir [/opt/intel/compilers_and_libraries_2020.2.258/mac/tbb/lib] ==> [/opt/intel/compilers_and_libraries_2020.2.258/mac/tbb/lib]
  collapse library dir [/Applications/Xcode.app/Contents/Developer/Platforms/MacOSX.platform/Developer/SDKs/MacOSX10.15.sdk/usr/lib] ==> [/Applications/Xcode.app/Contents/Developer/Platforms/MacOSX.platform/Developer/SDKs/MacOSX10.15.sdk/usr/lib]
  collapse framework dir [/Applications/Xcode.app/Contents/Developer/Platforms/MacOSX.platform/Developer/SDKs/MacOSX10.15.sdk/System/Library/Frameworks/] ==> [/Applications/Xcode.app/Contents/Developer/Platforms/MacOSX.platform/Developer/SDKs/MacOSX10.15.sdk/System/Library/Frameworks]
  implicit libs: [c++]
  implicit objs: []
  implicit dirs: [/opt/intel/compilers_and_libraries_2020.2.258/mac/ipp/lib;/opt/intel/compilers_and_libraries_2020.2.258/mac/compiler/lib;/opt/intel/compilers_and_libraries_2020.2.258/mac/mkl/lib;/opt/intel/compilers_and_libraries_2020.2.258/mac/tbb/lib;/opt/intel/compilers_and_libraries_2020.2.258/mac/daal/lib;/Applications/Xcode.app/Contents/Developer/Platforms/MacOSX.platform/Developer/SDKs/MacOSX10.15.sdk/usr/lib]
  implicit fwks: [/Applications/Xcode.app/Contents/Developer/Platforms/MacOSX.platform/Developer/SDKs/MacOSX10.15.sdk/System/Library/Frameworks]


Performing C++ SOURCE FILE Test HAS_FLTO succeeded with the following output:
Change Dir: /Users/akhil/Documents/Py/packages/twinning/twinning_cpp/build/temp.macosx-10.9-x86_64-3.8/CMakeFiles/CMakeTmp

Run Build Command(s):/private/var/folders/zw/s4y3985n34vgcws76msc2chc0000gn/T/pip-build-env-t8ztvl03/overlay/bin/ninja cmTC_8a4d3 && [1/2] Building CXX object CMakeFiles/cmTC_8a4d3.dir/src.cxx.o
[2/2] Linking CXX executable cmTC_8a4d3


Source file was:
int main() { return 0; }
Performing C++ SOURCE FILE Test HAS_FLTO_THIN succeeded with the following output:
Change Dir: /Users/akhil/Documents/Py/packages/twinning/twinning_cpp/build/temp.macosx-10.9-x86_64-3.8/CMakeFiles/CMakeTmp

Run Build Command(s):/private/var/folders/zw/s4y3985n34vgcws76msc2chc0000gn/T/pip-build-env-t8ztvl03/overlay/bin/ninja cmTC_98330 && [1/2] Building CXX object CMakeFiles/cmTC_98330.dir/src.cxx.o
[2/2] Linking CXX executable cmTC_98330


Source file was:
int main() { return 0; }
